Flow report for p1
Mon May 03 21:51:34 2021
Quartus II 64-Bit Version 13.1.0 Build 162 10/23/2013 SJ Full Version


---------------------
; Table of Contents ;
---------------------
  1. Legal Notice
  2. Flow Summary
  3. Flow Settings
  4. Flow Non-Default Global Settings
  5. Flow Elapsed Time
  6. Flow OS Summary
  7. Flow Log
  8. Flow Messages
  9. Flow Suppressed Messages



----------------
; Legal Notice ;
----------------
Copyright (C) 1991-2013 Altera Corporation
Your use of Altera Corporation's design tools, logic functions 
and other software and tools, and its AMPP partner logic 
functions, and any output files from any of the foregoing 
(including device programming or simulation files), and any 
associated documentation or information are expressly subject 
to the terms and conditions of the Altera Program License 
Subscription Agreement, Altera MegaCore Function License 
Agreement, or other applicable license agreement, including, 
without limitation, that your use is for the sole purpose of 
programming logic devices manufactured by Altera and sold by 
Altera or its authorized distributors.  Please refer to the 
applicable agreement for further details.



+---------------------------------------------------------------------------------+
; Flow Summary                                                                    ;
+-----------------------------------+---------------------------------------------+
; Flow Status                       ; Successful - Mon May 03 21:51:34 2021       ;
; Quartus II 64-Bit Version         ; 13.1.0 Build 162 10/23/2013 SJ Full Version ;
; Revision Name                     ; p1                                          ;
; Top-level Entity Name             ; p1                                          ;
; Family                            ; Arria II GZ                                 ;
; Device                            ; EP2AGZ225FF35C3                             ;
; Timing Models                     ; Final                                       ;
; Logic utilization                 ; < 1 %                                       ;
;     Combinational ALUTs           ; 5 / 179,200 ( < 1 % )                       ;
;     Memory ALUTs                  ; 0 / 89,600 ( 0 % )                          ;
;     Dedicated logic registers     ; 4 / 179,200 ( < 1 % )                       ;
; Total registers                   ; 4                                           ;
; Total pins                        ; 7 / 634 ( 1 % )                             ;
; Total virtual pins                ; 0                                           ;
; Total block memory bits           ; 0 / 11,381,760 ( 0 % )                      ;
; DSP block 18-bit elements         ; 0 / 800 ( 0 % )                             ;
; Total GXB Receiver Channel PCS    ; 0 / 16 ( 0 % )                              ;
; Total GXB Receiver Channel PMA    ; 0 / 16 ( 0 % )                              ;
; Total GXB Transmitter Channel PCS ; 0 / 16 ( 0 % )                              ;
; Total GXB Transmitter Channel PMA ; 0 / 16 ( 0 % )                              ;
; Total PLLs                        ; 0 / 6 ( 0 % )                               ;
; Total DLLs                        ; 0 / 4 ( 0 % )                               ;
+-----------------------------------+---------------------------------------------+


+-----------------------------------------+
; Flow Settings                           ;
+-------------------+---------------------+
; Option            ; Setting             ;
+-------------------+---------------------+
; Start date & time ; 05/03/2021 21:50:42 ;
; Main task         ; Compilation         ;
; Revision Name     ; p1                  ;
+-------------------+---------------------+


+-------------------------------------------------------------------------------------------------------------------------+
; Flow Non-Default Global Settings                                                                                        ;
+--------------------------------------+-----------------------------------+---------------+-------------+----------------+
; Assignment Name                      ; Value                             ; Default Value ; Entity Name ; Section Id     ;
+--------------------------------------+-----------------------------------+---------------+-------------+----------------+
; COMPILER_SIGNATURE_ID                ; 176770284019728.162004984219012   ; --            ; --          ; --             ;
; EDA_DESIGN_INSTANCE_NAME             ; NA                                ; --            ; --          ; p1_vlg_tst     ;
; EDA_NATIVELINK_SIMULATION_TEST_BENCH ; p1_vlg_tst                        ; --            ; --          ; eda_simulation ;
; EDA_OUTPUT_DATA_FORMAT               ; Verilog Hdl                       ; --            ; --          ; eda_simulation ;
; EDA_SIMULATION_TOOL                  ; ModelSim-Altera (Verilog)         ; <None>        ; --          ; --             ;
; EDA_TEST_BENCH_ENABLE_STATUS         ; TEST_BENCH_MODE                   ; --            ; --          ; eda_simulation ;
; EDA_TEST_BENCH_FILE                  ; simulation/modelsim/p1_vlg_tst.vt ; --            ; --          ; p1_vlg_tst     ;
; EDA_TEST_BENCH_MODULE_NAME           ; p1_vlg_tst                        ; --            ; --          ; p1_vlg_tst     ;
; EDA_TEST_BENCH_NAME                  ; p1_vlg_tst                        ; --            ; --          ; eda_simulation ;
; EDA_TIME_SCALE                       ; 1 ps                              ; --            ; --          ; eda_simulation ;
; MAX_CORE_JUNCTION_TEMP               ; 85                                ; --            ; --          ; --             ;
; MIN_CORE_JUNCTION_TEMP               ; 0                                 ; --            ; --          ; --             ;
; PARTITION_COLOR                      ; 16764057                          ; --            ; --          ; Top            ;
; PARTITION_FITTER_PRESERVATION_LEVEL  ; PLACEMENT_AND_ROUTING             ; --            ; --          ; Top            ;
; PARTITION_NETLIST_TYPE               ; SOURCE                            ; --            ; --          ; Top            ;
; PROJECT_OUTPUT_DIRECTORY             ; output_files                      ; --            ; --          ; --             ;
+--------------------------------------+-----------------------------------+---------------+-------------+----------------+


+-------------------------------------------------------------------------------------------------------------------------------+
; Flow Elapsed Time                                                                                                             ;
+---------------------------+--------------+-------------------------+---------------------+------------------------------------+
; Module Name               ; Elapsed Time ; Average Processors Used ; Peak Virtual Memory ; Total CPU Time (on all processors) ;
+---------------------------+--------------+-------------------------+---------------------+------------------------------------+
; Analysis & Synthesis      ; 00:00:02     ; 1.0                     ; 4707 MB             ; 00:00:01                           ;
; Fitter                    ; 00:00:37     ; 1.7                     ; 5750 MB             ; 00:00:49                           ;
; Assembler                 ; 00:00:00     ; 1.0                     ; 4608 MB             ; 00:00:00                           ;
; TimeQuest Timing Analyzer ; 00:00:03     ; 1.0                     ; 4823 MB             ; 00:00:03                           ;
; EDA Netlist Writer        ; 00:00:01     ; 1.0                     ; 4626 MB             ; 00:00:01                           ;
; Total                     ; 00:00:43     ; --                      ; --                  ; 00:00:54                           ;
+---------------------------+--------------+-------------------------+---------------------+------------------------------------+


+----------------------------------------------------------------------------------------+
; Flow OS Summary                                                                        ;
+---------------------------+------------------+-----------+------------+----------------+
; Module Name               ; Machine Hostname ; OS Name   ; OS Version ; Processor type ;
+---------------------------+------------------+-----------+------------+----------------+
; Analysis & Synthesis      ; LAPTOP-SIJKAV6K  ; Windows 7 ; 6.2        ; x86_64         ;
; Fitter                    ; LAPTOP-SIJKAV6K  ; Windows 7 ; 6.2        ; x86_64         ;
; Assembler                 ; LAPTOP-SIJKAV6K  ; Windows 7 ; 6.2        ; x86_64         ;
; TimeQuest Timing Analyzer ; LAPTOP-SIJKAV6K  ; Windows 7 ; 6.2        ; x86_64         ;
; EDA Netlist Writer        ; LAPTOP-SIJKAV6K  ; Windows 7 ; 6.2        ; x86_64         ;
+---------------------------+------------------+-----------+------------+----------------+


------------
; Flow Log ;
------------
quartus_map --read_settings_files=on --write_settings_files=off p1 -c p1
quartus_fit --read_settings_files=off --write_settings_files=off p1 -c p1
quartus_asm --read_settings_files=off --write_settings_files=off p1 -c p1
quartus_sta p1 -c p1
quartus_eda --read_settings_files=off --write_settings_files=off p1 -c p1



