TimeQuest Timing Analyzer report for p1
Mon May 03 21:51:32 2021
Quartus II 64-Bit Version 13.1.0 Build 162 10/23/2013 SJ Full Version


---------------------
; Table of Contents ;
---------------------
  1. Legal Notice
  2. TimeQuest Timing Analyzer Summary
  3. Parallel Compilation
  4. Clocks
  5. Slow 900mV 85C Model Fmax Summary
  6. Timing Closure Recommendations
  7. Slow 900mV 85C Model Setup Summary
  8. Slow 900mV 85C Model Hold Summary
  9. Slow 900mV 85C Model Recovery Summary
 10. Slow 900mV 85C Model Removal Summary
 11. Slow 900mV 85C Model Minimum Pulse Width Summary
 12. Clock to Output Times
 13. Minimum Clock to Output Times
 14. Slow 900mV 85C Model Metastability Report
 15. Slow 900mV 0C Model Fmax Summary
 16. Slow 900mV 0C Model Setup Summary
 17. Slow 900mV 0C Model Hold Summary
 18. Slow 900mV 0C Model Recovery Summary
 19. Slow 900mV 0C Model Removal Summary
 20. Slow 900mV 0C Model Minimum Pulse Width Summary
 21. Clock to Output Times
 22. Minimum Clock to Output Times
 23. Slow 900mV 0C Model Metastability Report
 24. Fast 900mV 0C Model Setup Summary
 25. Fast 900mV 0C Model Hold Summary
 26. Fast 900mV 0C Model Recovery Summary
 27. Fast 900mV 0C Model Removal Summary
 28. Fast 900mV 0C Model Minimum Pulse Width Summary
 29. Clock to Output Times
 30. Minimum Clock to Output Times
 31. Fast 900mV 0C Model Metastability Report
 32. Multicorner Timing Analysis Summary
 33. Clock to Output Times
 34. Minimum Clock to Output Times
 35. Board Trace Model Assignments
 36. Input Transition Times
 37. Signal Integrity Metrics (Slow 900mv 0c Model)
 38. Signal Integrity Metrics (Slow 900mv 85c Model)
 39. Signal Integrity Metrics (Fast 900mv 0c Model)
 40. Setup Transfers
 41. Hold Transfers
 42. Report TCCS
 43. Report RSKM
 44. Unconstrained Paths
 45. TimeQuest Timing Analyzer Messages



----------------
; Legal Notice ;
----------------
Copyright (C) 1991-2013 Altera Corporation
Your use of Altera Corporation's design tools, logic functions 
and other software and tools, and its AMPP partner logic 
functions, and any output files from any of the foregoing 
(including device programming or simulation files), and any 
associated documentation or information are expressly subject 
to the terms and conditions of the Altera Program License 
Subscription Agreement, Altera MegaCore Function License 
Agreement, or other applicable license agreement, including, 
without limitation, that your use is for the sole purpose of 
programming logic devices manufactured by Altera and sold by 
Altera or its authorized distributors.  Please refer to the 
applicable agreement for further details.



+--------------------------------------------------------------------------+
; TimeQuest Timing Analyzer Summary                                        ;
+--------------------+-----------------------------------------------------+
; Quartus II Version ; Version 13.1.0 Build 162 10/23/2013 SJ Full Version ;
; Revision Name      ; p1                                                  ;
; Device Family      ; Arria II GZ                                         ;
; Device Name        ; EP2AGZ225FF35C3                                     ;
; Timing Models      ; Final                                               ;
; Delay Model        ; Combined                                            ;
; Rise/Fall Delays   ; Enabled                                             ;
+--------------------+-----------------------------------------------------+


+------------------------------------------+
; Parallel Compilation                     ;
+----------------------------+-------------+
; Processors                 ; Number      ;
+----------------------------+-------------+
; Number detected on machine ; 8           ;
; Maximum allowed            ; 4           ;
;                            ;             ;
; Average used               ; 1.00        ;
; Maximum used               ; 4           ;
;                            ;             ;
; Usage by Processor         ; % Time Used ;
;     Processor 1            ; 100.0%      ;
;     Processors 2-4         ; < 0.1%      ;
;     Processors 5-8         ;   0.0%      ;
+----------------------------+-------------+


+---------------------------------------------------------------------------------------------------------------------------------------------------------------------------------+
; Clocks                                                                                                                                                                          ;
+------------+------+--------+------------+-------+-------+------------+-----------+-------------+-------+--------+-----------+------------+----------+--------+--------+---------+
; Clock Name ; Type ; Period ; Frequency  ; Rise  ; Fall  ; Duty Cycle ; Divide by ; Multiply by ; Phase ; Offset ; Edge List ; Edge Shift ; Inverted ; Master ; Source ; Targets ;
+------------+------+--------+------------+-------+-------+------------+-----------+-------------+-------+--------+-----------+------------+----------+--------+--------+---------+
; clk        ; Base ; 1.000  ; 1000.0 MHz ; 0.000 ; 0.500 ;            ;           ;             ;       ;        ;           ;            ;          ;        ;        ; { clk } ;
+------------+------+--------+------------+-------+-------+------------+-----------+-------------+-------+--------+-----------+------------+----------+--------+--------+---------+


+---------------------------------------------------------------------------------------------+
; Slow 900mV 85C Model Fmax Summary                                                           ;
+-------------+-----------------+------------+------------------------------------------------+
; Fmax        ; Restricted Fmax ; Clock Name ; Note                                           ;
+-------------+-----------------+------------+------------------------------------------------+
; 1146.79 MHz ; 700.28 MHz      ; clk        ; limit due to minimum period restriction (tmin) ;
+-------------+-----------------+------------+------------------------------------------------+
This panel reports FMAX for every clock in the design, regardless of the user-specified clock periods.  FMAX is only computed for paths where the source and destination registers or ports are driven by the same clock.  Paths of different clocks, including generated clocks, are ignored.  For paths between a clock and its inversion, FMAX is computed as if the rising and falling edges are scaled along with FMAX, such that the duty cycle (in terms of a percentage) is maintained. Altera recommends that you always use clock constraints and other slack reports for sign-off analysis.


----------------------------------
; Timing Closure Recommendations ;
----------------------------------
HTML report is unavailable in plain text report export.


+------------------------------------+
; Slow 900mV 85C Model Setup Summary ;
+-------+-------+--------------------+
; Clock ; Slack ; End Point TNS      ;
+-------+-------+--------------------+
; clk   ; 0.128 ; 0.000              ;
+-------+-------+--------------------+


+-----------------------------------+
; Slow 900mV 85C Model Hold Summary ;
+-------+-------+-------------------+
; Clock ; Slack ; End Point TNS     ;
+-------+-------+-------------------+
; clk   ; 0.302 ; 0.000             ;
+-------+-------+-------------------+


-----------------------------------------
; Slow 900mV 85C Model Recovery Summary ;
-----------------------------------------
No paths to report.


----------------------------------------
; Slow 900mV 85C Model Removal Summary ;
----------------------------------------
No paths to report.


+--------------------------------------------------+
; Slow 900mV 85C Model Minimum Pulse Width Summary ;
+-------+--------+---------------------------------+
; Clock ; Slack  ; End Point TNS                   ;
+-------+--------+---------------------------------+
; clk   ; -0.428 ; -2.300                          ;
+-------+--------+---------------------------------+


+-----------------------------------------------------------------------+
; Clock to Output Times                                                 ;
+-----------+------------+-------+-------+------------+-----------------+
; Data Port ; Clock Port ; Rise  ; Fall  ; Clock Edge ; Clock Reference ;
+-----------+------------+-------+-------+------------+-----------------+
; cnt[*]    ; clk        ; 6.693 ; 6.671 ; Rise       ; clk             ;
;  cnt[0]   ; clk        ; 6.693 ; 6.671 ; Rise       ; clk             ;
;  cnt[1]   ; clk        ; 6.594 ; 6.561 ; Rise       ; clk             ;
;  cnt[2]   ; clk        ; 6.674 ; 6.647 ; Rise       ; clk             ;
;  cnt[3]   ; clk        ; 6.671 ; 6.642 ; Rise       ; clk             ;
; cout      ; clk        ; 7.109 ; 7.139 ; Rise       ; clk             ;
+-----------+------------+-------+-------+------------+-----------------+


+-----------------------------------------------------------------------+
; Minimum Clock to Output Times                                         ;
+-----------+------------+-------+-------+------------+-----------------+
; Data Port ; Clock Port ; Rise  ; Fall  ; Clock Edge ; Clock Reference ;
+-----------+------------+-------+-------+------------+-----------------+
; cnt[*]    ; clk        ; 6.390 ; 6.358 ; Rise       ; clk             ;
;  cnt[0]   ; clk        ; 6.486 ; 6.464 ; Rise       ; clk             ;
;  cnt[1]   ; clk        ; 6.390 ; 6.358 ; Rise       ; clk             ;
;  cnt[2]   ; clk        ; 6.468 ; 6.443 ; Rise       ; clk             ;
;  cnt[3]   ; clk        ; 6.465 ; 6.437 ; Rise       ; clk             ;
; cout      ; clk        ; 6.563 ; 6.536 ; Rise       ; clk             ;
+-----------+------------+-------+-------+------------+-----------------+


---------------------------------------------
; Slow 900mV 85C Model Metastability Report ;
---------------------------------------------
No synchronizer chains to report.


+---------------------------------------------------------------------------------------------+
; Slow 900mV 0C Model Fmax Summary                                                            ;
+-------------+-----------------+------------+------------------------------------------------+
; Fmax        ; Restricted Fmax ; Clock Name ; Note                                           ;
+-------------+-----------------+------------+------------------------------------------------+
; 1169.59 MHz ; 700.28 MHz      ; clk        ; limit due to minimum period restriction (tmin) ;
+-------------+-----------------+------------+------------------------------------------------+
This panel reports FMAX for every clock in the design, regardless of the user-specified clock periods.  FMAX is only computed for paths where the source and destination registers or ports are driven by the same clock.  Paths of different clocks, including generated clocks, are ignored.  For paths between a clock and its inversion, FMAX is computed as if the rising and falling edges are scaled along with FMAX, such that the duty cycle (in terms of a percentage) is maintained. Altera recommends that you always use clock constraints and other slack reports for sign-off analysis.


+-----------------------------------+
; Slow 900mV 0C Model Setup Summary ;
+-------+-------+-------------------+
; Clock ; Slack ; End Point TNS     ;
+-------+-------+-------------------+
; clk   ; 0.145 ; 0.000             ;
+-------+-------+-------------------+


+----------------------------------+
; Slow 900mV 0C Model Hold Summary ;
+-------+-------+------------------+
; Clock ; Slack ; End Point TNS    ;
+-------+-------+------------------+
; clk   ; 0.302 ; 0.000            ;
+-------+-------+------------------+


----------------------------------------
; Slow 900mV 0C Model Recovery Summary ;
----------------------------------------
No paths to report.


---------------------------------------
; Slow 900mV 0C Model Removal Summary ;
---------------------------------------
No paths to report.


+-------------------------------------------------+
; Slow 900mV 0C Model Minimum Pulse Width Summary ;
+-------+--------+--------------------------------+
; Clock ; Slack  ; End Point TNS                  ;
+-------+--------+--------------------------------+
; clk   ; -0.428 ; -2.300                         ;
+-------+--------+--------------------------------+


+-----------------------------------------------------------------------+
; Clock to Output Times                                                 ;
+-----------+------------+-------+-------+------------+-----------------+
; Data Port ; Clock Port ; Rise  ; Fall  ; Clock Edge ; Clock Reference ;
+-----------+------------+-------+-------+------------+-----------------+
; cnt[*]    ; clk        ; 6.352 ; 6.331 ; Rise       ; clk             ;
;  cnt[0]   ; clk        ; 6.352 ; 6.331 ; Rise       ; clk             ;
;  cnt[1]   ; clk        ; 6.257 ; 6.230 ; Rise       ; clk             ;
;  cnt[2]   ; clk        ; 6.342 ; 6.321 ; Rise       ; clk             ;
;  cnt[3]   ; clk        ; 6.332 ; 6.303 ; Rise       ; clk             ;
; cout      ; clk        ; 6.750 ; 6.795 ; Rise       ; clk             ;
+-----------+------------+-------+-------+------------+-----------------+


+-----------------------------------------------------------------------+
; Minimum Clock to Output Times                                         ;
+-----------+------------+-------+-------+------------+-----------------+
; Data Port ; Clock Port ; Rise  ; Fall  ; Clock Edge ; Clock Reference ;
+-----------+------------+-------+-------+------------+-----------------+
; cnt[*]    ; clk        ; 6.071 ; 6.045 ; Rise       ; clk             ;
;  cnt[0]   ; clk        ; 6.164 ; 6.143 ; Rise       ; clk             ;
;  cnt[1]   ; clk        ; 6.071 ; 6.045 ; Rise       ; clk             ;
;  cnt[2]   ; clk        ; 6.155 ; 6.134 ; Rise       ; clk             ;
;  cnt[3]   ; clk        ; 6.144 ; 6.116 ; Rise       ; clk             ;
; cout      ; clk        ; 6.246 ; 6.224 ; Rise       ; clk             ;
+-----------+------------+-------+-------+------------+-----------------+


--------------------------------------------
; Slow 900mV 0C Model Metastability Report ;
--------------------------------------------
No synchronizer chains to report.


+-----------------------------------+
; Fast 900mV 0C Model Setup Summary ;
+-------+-------+-------------------+
; Clock ; Slack ; End Point TNS     ;
+-------+-------+-------------------+
; clk   ; 0.565 ; 0.000             ;
+-------+-------+-------------------+


+----------------------------------+
; Fast 900mV 0C Model Hold Summary ;
+-------+-------+------------------+
; Clock ; Slack ; End Point TNS    ;
+-------+-------+------------------+
; clk   ; 0.153 ; 0.000            ;
+-------+-------+------------------+


----------------------------------------
; Fast 900mV 0C Model Recovery Summary ;
----------------------------------------
No paths to report.


---------------------------------------
; Fast 900mV 0C Model Removal Summary ;
---------------------------------------
No paths to report.


+-------------------------------------------------+
; Fast 900mV 0C Model Minimum Pulse Width Summary ;
+-------+--------+--------------------------------+
; Clock ; Slack  ; End Point TNS                  ;
+-------+--------+--------------------------------+
; clk   ; -0.147 ; -0.588                         ;
+-------+--------+--------------------------------+


+-----------------------------------------------------------------------+
; Clock to Output Times                                                 ;
+-----------+------------+-------+-------+------------+-----------------+
; Data Port ; Clock Port ; Rise  ; Fall  ; Clock Edge ; Clock Reference ;
+-----------+------------+-------+-------+------------+-----------------+
; cnt[*]    ; clk        ; 3.897 ; 3.888 ; Rise       ; clk             ;
;  cnt[0]   ; clk        ; 3.897 ; 3.888 ; Rise       ; clk             ;
;  cnt[1]   ; clk        ; 3.839 ; 3.820 ; Rise       ; clk             ;
;  cnt[2]   ; clk        ; 3.893 ; 3.882 ; Rise       ; clk             ;
;  cnt[3]   ; clk        ; 3.879 ; 3.867 ; Rise       ; clk             ;
; cout      ; clk        ; 4.114 ; 4.120 ; Rise       ; clk             ;
+-----------+------------+-------+-------+------------+-----------------+


+-----------------------------------------------------------------------+
; Minimum Clock to Output Times                                         ;
+-----------+------------+-------+-------+------------+-----------------+
; Data Port ; Clock Port ; Rise  ; Fall  ; Clock Edge ; Clock Reference ;
+-----------+------------+-------+-------+------------+-----------------+
; cnt[*]    ; clk        ; 3.730 ; 3.710 ; Rise       ; clk             ;
;  cnt[0]   ; clk        ; 3.787 ; 3.776 ; Rise       ; clk             ;
;  cnt[1]   ; clk        ; 3.730 ; 3.710 ; Rise       ; clk             ;
;  cnt[2]   ; clk        ; 3.783 ; 3.770 ; Rise       ; clk             ;
;  cnt[3]   ; clk        ; 3.770 ; 3.756 ; Rise       ; clk             ;
; cout      ; clk        ; 3.824 ; 3.809 ; Rise       ; clk             ;
+-----------+------------+-------+-------+------------+-----------------+


--------------------------------------------
; Fast 900mV 0C Model Metastability Report ;
--------------------------------------------
No synchronizer chains to report.


+-----------------------------------------------------------------------------+
; Multicorner Timing Analysis Summary                                         ;
+------------------+-------+-------+----------+---------+---------------------+
; Clock            ; Setup ; Hold  ; Recovery ; Removal ; Minimum Pulse Width ;
+------------------+-------+-------+----------+---------+---------------------+
; Worst-case Slack ; 0.128 ; 0.153 ; N/A      ; N/A     ; -0.428              ;
;  clk             ; 0.128 ; 0.153 ; N/A      ; N/A     ; -0.428              ;
; Design-wide TNS  ; 0.0   ; 0.0   ; 0.0      ; 0.0     ; -2.3                ;
;  clk             ; 0.000 ; 0.000 ; N/A      ; N/A     ; -2.300              ;
+------------------+-------+-------+----------+---------+---------------------+


+-----------------------------------------------------------------------+
; Clock to Output Times                                                 ;
+-----------+------------+-------+-------+------------+-----------------+
; Data Port ; Clock Port ; Rise  ; Fall  ; Clock Edge ; Clock Reference ;
+-----------+------------+-------+-------+------------+-----------------+
; cnt[*]    ; clk        ; 6.693 ; 6.671 ; Rise       ; clk             ;
;  cnt[0]   ; clk        ; 6.693 ; 6.671 ; Rise       ; clk             ;
;  cnt[1]   ; clk        ; 6.594 ; 6.561 ; Rise       ; clk             ;
;  cnt[2]   ; clk        ; 6.674 ; 6.647 ; Rise       ; clk             ;
;  cnt[3]   ; clk        ; 6.671 ; 6.642 ; Rise       ; clk             ;
; cout      ; clk        ; 7.109 ; 7.139 ; Rise       ; clk             ;
+-----------+------------+-------+-------+------------+-----------------+


+-----------------------------------------------------------------------+
; Minimum Clock to Output Times                                         ;
+-----------+------------+-------+-------+------------+-----------------+
; Data Port ; Clock Port ; Rise  ; Fall  ; Clock Edge ; Clock Reference ;
+-----------+------------+-------+-------+------------+-----------------+
; cnt[*]    ; clk        ; 3.730 ; 3.710 ; Rise       ; clk             ;
;  cnt[0]   ; clk        ; 3.787 ; 3.776 ; Rise       ; clk             ;
;  cnt[1]   ; clk        ; 3.730 ; 3.710 ; Rise       ; clk             ;
;  cnt[2]   ; clk        ; 3.783 ; 3.770 ; Rise       ; clk             ;
;  cnt[3]   ; clk        ; 3.770 ; 3.756 ; Rise       ; clk             ;
; cout      ; clk        ; 3.824 ; 3.809 ; Rise       ; clk             ;
+-----------+------------+-------+-------+------------+-----------------+


+-----------------------------------------------------------------------------------------------------------------------------------------------------------------------------------------------------------------------------------------------------------------------------------------------------------------------------------------------------------------------------------------------------------+
; Board Trace Model Assignments                                                                                                                                                                                                                                                                                                                                                                             ;
+--------+--------------+-------------------+-------------------------+-------------------------+---------------+---------------------+----------------+------------------+--------+------------------+------------------------+------------------------+--------------+---------------+-----------------+-------+---------------------+--------------------+---------------+-----------------+-------------+
; Pin    ; I/O Standard ; Near Tline Length ; Near Tline L per Length ; Near Tline C per Length ; Near Series R ; Near Differential R ; Near Pull-up R ; Near Pull-down R ; Near C ; Far Tline Length ; Far Tline L per Length ; Far Tline C per Length ; Far Series R ; Far Pull-up R ; Far Pull-down R ; Far C ; Termination Voltage ; Far Differential R ; EBD File Name ; EBD Signal Name ; EBD Far-end ;
+--------+--------------+-------------------+-------------------------+-------------------------+---------------+---------------------+----------------+------------------+--------+------------------+------------------------+------------------------+--------------+---------------+-----------------+-------+---------------------+--------------------+---------------+-----------------+-------------+
; cnt[0] ; 2.5 V        ; 0 in              ; 0 H/in                  ; 0 F/in                  ; short         ; -                   ; open           ; open             ; open   ; 0 in             ; 0 H/in                 ; 0 F/in                 ; short        ; open          ; open            ; open  ; 0 V                 ; -                  ; n/a           ; n/a             ; n/a         ;
; cnt[1] ; 2.5 V        ; 0 in              ; 0 H/in                  ; 0 F/in                  ; short         ; -                   ; open           ; open             ; open   ; 0 in             ; 0 H/in                 ; 0 F/in                 ; short        ; open          ; open            ; open  ; 0 V                 ; -                  ; n/a           ; n/a             ; n/a         ;
; cnt[2] ; 2.5 V        ; 0 in              ; 0 H/in                  ; 0 F/in                  ; short         ; -                   ; open           ; open             ; open   ; 0 in             ; 0 H/in                 ; 0 F/in                 ; short        ; open          ; open            ; open  ; 0 V                 ; -                  ; n/a           ; n/a             ; n/a         ;
; cnt[3] ; 2.5 V        ; 0 in              ; 0 H/in                  ; 0 F/in                  ; short         ; -                   ; open           ; open             ; open   ; 0 in             ; 0 H/in                 ; 0 F/in                 ; short        ; open          ; open            ; open  ; 0 V                 ; -                  ; n/a           ; n/a             ; n/a         ;
; cout   ; 2.5 V        ; 0 in              ; 0 H/in                  ; 0 F/in                  ; short         ; -                   ; open           ; open             ; open   ; 0 in             ; 0 H/in                 ; 0 F/in                 ; short        ; open          ; open            ; open  ; 0 V                 ; -                  ; n/a           ; n/a             ; n/a         ;
+--------+--------------+-------------------+-------------------------+-------------------------+---------------+---------------------+----------------+------------------+--------+------------------+------------------------+------------------------+--------------+---------------+-----------------+-------+---------------------+--------------------+---------------+-----------------+-------------+


+-------------------------------------------------------------------+
; Input Transition Times                                            ;
+----------------+--------------+-----------------+-----------------+
; Pin            ; I/O Standard ; 10-90 Rise Time ; 90-10 Fall Time ;
+----------------+--------------+-----------------+-----------------+
; clk            ; 2.5 V        ; 2000 ps         ; 2000 ps         ;
; rstn           ; 2.5 V        ; 2000 ps         ; 2000 ps         ;
; ~ALTERA_DATA0~ ; 1.8 V        ; 1440 ps         ; 1440 ps         ;
+----------------+--------------+-----------------+-----------------+


+-------------------------------------------------------------------------------------------------------------------------------------------------------------------------------------------------------------------------------------------------------------------------------------------------------------------------------------------------------------------------------------------------------------------------------------------------------------------------------------------------------------------------------------------------------------------------------------------------------------------------------------------------------------------------------------+
; Signal Integrity Metrics (Slow 900mv 0c Model)                                                                                                                                                                                                                                                                                                                                                                                                                                                                                                                                                                                                                                      ;
+--------+--------------+---------------------+---------------------+------------------------------+------------------------------+---------------------+---------------------+--------------------------------------+--------------------------------------+-----------------------------+-----------------------------+----------------------------+----------------------------+-----------------------------+-----------------------------+--------------------+--------------------+-------------------------------------+-------------------------------------+----------------------------+----------------------------+---------------------------+---------------------------+
; Pin    ; I/O Standard ; Board Delay on Rise ; Board Delay on Fall ; Steady State Voh at FPGA Pin ; Steady State Vol at FPGA Pin ; Voh Max at FPGA Pin ; Vol Min at FPGA Pin ; Ringback Voltage on Rise at FPGA Pin ; Ringback Voltage on Fall at FPGA Pin ; 10-90 Rise Time at FPGA Pin ; 90-10 Fall Time at FPGA Pin ; Monotonic Rise at FPGA Pin ; Monotonic Fall at FPGA Pin ; Steady State Voh at Far-end ; Steady State Vol at Far-end ; Voh Max at Far-end ; Vol Min at Far-end ; Ringback Voltage on Rise at Far-end ; Ringback Voltage on Fall at Far-end ; 10-90 Rise Time at Far-end ; 90-10 Fall Time at Far-end ; Monotonic Rise at Far-end ; Monotonic Fall at Far-end ;
+--------+--------------+---------------------+---------------------+------------------------------+------------------------------+---------------------+---------------------+--------------------------------------+--------------------------------------+-----------------------------+-----------------------------+----------------------------+----------------------------+-----------------------------+-----------------------------+--------------------+--------------------+-------------------------------------+-------------------------------------+----------------------------+----------------------------+---------------------------+---------------------------+
; cnt[0] ; 2.5 V        ; 0 s                 ; 0 s                 ; 2.32 V                       ; 1.78e-07 V                   ; 2.34 V              ; -0.00916 V          ; 0.133 V                              ; 0.067 V                              ; 4.63e-10 s                  ; 3.86e-10 s                  ; No                         ; Yes                        ; 2.32 V                      ; 1.78e-07 V                  ; 2.34 V             ; -0.00916 V         ; 0.133 V                             ; 0.067 V                             ; 4.63e-10 s                 ; 3.86e-10 s                 ; No                        ; Yes                       ;
; cnt[1] ; 2.5 V        ; 0 s                 ; 0 s                 ; 2.32 V                       ; 1.78e-07 V                   ; 2.34 V              ; -0.00916 V          ; 0.133 V                              ; 0.067 V                              ; 4.63e-10 s                  ; 3.86e-10 s                  ; No                         ; Yes                        ; 2.32 V                      ; 1.78e-07 V                  ; 2.34 V             ; -0.00916 V         ; 0.133 V                             ; 0.067 V                             ; 4.63e-10 s                 ; 3.86e-10 s                 ; No                        ; Yes                       ;
; cnt[2] ; 2.5 V        ; 0 s                 ; 0 s                 ; 2.32 V                       ; 1.78e-07 V                   ; 2.34 V              ; -0.00916 V          ; 0.133 V                              ; 0.067 V                              ; 4.63e-10 s                  ; 3.86e-10 s                  ; No                         ; Yes                        ; 2.32 V                      ; 1.78e-07 V                  ; 2.34 V             ; -0.00916 V         ; 0.133 V                             ; 0.067 V                             ; 4.63e-10 s                 ; 3.86e-10 s                 ; No                        ; Yes                       ;
; cnt[3] ; 2.5 V        ; 0 s                 ; 0 s                 ; 2.32 V                       ; 1.78e-07 V                   ; 2.34 V              ; -0.00916 V          ; 0.133 V                              ; 0.067 V                              ; 4.63e-10 s                  ; 3.86e-10 s                  ; No                         ; Yes                        ; 2.32 V                      ; 1.78e-07 V                  ; 2.34 V             ; -0.00916 V         ; 0.133 V                             ; 0.067 V                             ; 4.63e-10 s                 ; 3.86e-10 s                 ; No                        ; Yes                       ;
; cout   ; 2.5 V        ; 0 s                 ; 0 s                 ; 2.32 V                       ; 1.78e-07 V                   ; 2.34 V              ; -0.00916 V          ; 0.133 V                              ; 0.067 V                              ; 4.63e-10 s                  ; 3.86e-10 s                  ; No                         ; Yes                        ; 2.32 V                      ; 1.78e-07 V                  ; 2.34 V             ; -0.00916 V         ; 0.133 V                             ; 0.067 V                             ; 4.63e-10 s                 ; 3.86e-10 s                 ; No                        ; Yes                       ;
+--------+--------------+---------------------+---------------------+------------------------------+------------------------------+---------------------+---------------------+--------------------------------------+--------------------------------------+-----------------------------+-----------------------------+----------------------------+----------------------------+-----------------------------+-----------------------------+--------------------+--------------------+-------------------------------------+-------------------------------------+----------------------------+----------------------------+---------------------------+---------------------------+


+-------------------------------------------------------------------------------------------------------------------------------------------------------------------------------------------------------------------------------------------------------------------------------------------------------------------------------------------------------------------------------------------------------------------------------------------------------------------------------------------------------------------------------------------------------------------------------------------------------------------------------------------------------------------------------------+
; Signal Integrity Metrics (Slow 900mv 85c Model)                                                                                                                                                                                                                                                                                                                                                                                                                                                                                                                                                                                                                                     ;
+--------+--------------+---------------------+---------------------+------------------------------+------------------------------+---------------------+---------------------+--------------------------------------+--------------------------------------+-----------------------------+-----------------------------+----------------------------+----------------------------+-----------------------------+-----------------------------+--------------------+--------------------+-------------------------------------+-------------------------------------+----------------------------+----------------------------+---------------------------+---------------------------+
; Pin    ; I/O Standard ; Board Delay on Rise ; Board Delay on Fall ; Steady State Voh at FPGA Pin ; Steady State Vol at FPGA Pin ; Voh Max at FPGA Pin ; Vol Min at FPGA Pin ; Ringback Voltage on Rise at FPGA Pin ; Ringback Voltage on Fall at FPGA Pin ; 10-90 Rise Time at FPGA Pin ; 90-10 Fall Time at FPGA Pin ; Monotonic Rise at FPGA Pin ; Monotonic Fall at FPGA Pin ; Steady State Voh at Far-end ; Steady State Vol at Far-end ; Voh Max at Far-end ; Vol Min at Far-end ; Ringback Voltage on Rise at Far-end ; Ringback Voltage on Fall at Far-end ; 10-90 Rise Time at Far-end ; 90-10 Fall Time at Far-end ; Monotonic Rise at Far-end ; Monotonic Fall at Far-end ;
+--------+--------------+---------------------+---------------------+------------------------------+------------------------------+---------------------+---------------------+--------------------------------------+--------------------------------------+-----------------------------+-----------------------------+----------------------------+----------------------------+-----------------------------+-----------------------------+--------------------+--------------------+-------------------------------------+-------------------------------------+----------------------------+----------------------------+---------------------------+---------------------------+
; cnt[0] ; 2.5 V        ; 0 s                 ; 0 s                 ; 2.32 V                       ; 2.04e-05 V                   ; 2.33 V              ; -0.00355 V          ; 0.107 V                              ; 0.032 V                              ; 4.98e-10 s                  ; 4.83e-10 s                  ; Yes                        ; Yes                        ; 2.32 V                      ; 2.04e-05 V                  ; 2.33 V             ; -0.00355 V         ; 0.107 V                             ; 0.032 V                             ; 4.98e-10 s                 ; 4.83e-10 s                 ; Yes                       ; Yes                       ;
; cnt[1] ; 2.5 V        ; 0 s                 ; 0 s                 ; 2.32 V                       ; 2.04e-05 V                   ; 2.33 V              ; -0.00355 V          ; 0.107 V                              ; 0.032 V                              ; 4.98e-10 s                  ; 4.83e-10 s                  ; Yes                        ; Yes                        ; 2.32 V                      ; 2.04e-05 V                  ; 2.33 V             ; -0.00355 V         ; 0.107 V                             ; 0.032 V                             ; 4.98e-10 s                 ; 4.83e-10 s                 ; Yes                       ; Yes                       ;
; cnt[2] ; 2.5 V        ; 0 s                 ; 0 s                 ; 2.32 V                       ; 2.04e-05 V                   ; 2.33 V              ; -0.00355 V          ; 0.107 V                              ; 0.032 V                              ; 4.98e-10 s                  ; 4.83e-10 s                  ; Yes                        ; Yes                        ; 2.32 V                      ; 2.04e-05 V                  ; 2.33 V             ; -0.00355 V         ; 0.107 V                             ; 0.032 V                             ; 4.98e-10 s                 ; 4.83e-10 s                 ; Yes                       ; Yes                       ;
; cnt[3] ; 2.5 V        ; 0 s                 ; 0 s                 ; 2.32 V                       ; 2.04e-05 V                   ; 2.33 V              ; -0.00355 V          ; 0.107 V                              ; 0.032 V                              ; 4.98e-10 s                  ; 4.83e-10 s                  ; Yes                        ; Yes                        ; 2.32 V                      ; 2.04e-05 V                  ; 2.33 V             ; -0.00355 V         ; 0.107 V                             ; 0.032 V                             ; 4.98e-10 s                 ; 4.83e-10 s                 ; Yes                       ; Yes                       ;
; cout   ; 2.5 V        ; 0 s                 ; 0 s                 ; 2.32 V                       ; 2.04e-05 V                   ; 2.33 V              ; -0.00355 V          ; 0.107 V                              ; 0.032 V                              ; 4.98e-10 s                  ; 4.83e-10 s                  ; Yes                        ; Yes                        ; 2.32 V                      ; 2.04e-05 V                  ; 2.33 V             ; -0.00355 V         ; 0.107 V                             ; 0.032 V                             ; 4.98e-10 s                 ; 4.83e-10 s                 ; Yes                       ; Yes                       ;
+--------+--------------+---------------------+---------------------+------------------------------+------------------------------+---------------------+---------------------+--------------------------------------+--------------------------------------+-----------------------------+-----------------------------+----------------------------+----------------------------+-----------------------------+-----------------------------+--------------------+--------------------+-------------------------------------+-------------------------------------+----------------------------+----------------------------+---------------------------+---------------------------+


+-------------------------------------------------------------------------------------------------------------------------------------------------------------------------------------------------------------------------------------------------------------------------------------------------------------------------------------------------------------------------------------------------------------------------------------------------------------------------------------------------------------------------------------------------------------------------------------------------------------------------------------------------------------------------------------+
; Signal Integrity Metrics (Fast 900mv 0c Model)                                                                                                                                                                                                                                                                                                                                                                                                                                                                                                                                                                                                                                      ;
+--------+--------------+---------------------+---------------------+------------------------------+------------------------------+---------------------+---------------------+--------------------------------------+--------------------------------------+-----------------------------+-----------------------------+----------------------------+----------------------------+-----------------------------+-----------------------------+--------------------+--------------------+-------------------------------------+-------------------------------------+----------------------------+----------------------------+---------------------------+---------------------------+
; Pin    ; I/O Standard ; Board Delay on Rise ; Board Delay on Fall ; Steady State Voh at FPGA Pin ; Steady State Vol at FPGA Pin ; Voh Max at FPGA Pin ; Vol Min at FPGA Pin ; Ringback Voltage on Rise at FPGA Pin ; Ringback Voltage on Fall at FPGA Pin ; 10-90 Rise Time at FPGA Pin ; 90-10 Fall Time at FPGA Pin ; Monotonic Rise at FPGA Pin ; Monotonic Fall at FPGA Pin ; Steady State Voh at Far-end ; Steady State Vol at Far-end ; Voh Max at Far-end ; Vol Min at Far-end ; Ringback Voltage on Rise at Far-end ; Ringback Voltage on Fall at Far-end ; 10-90 Rise Time at Far-end ; 90-10 Fall Time at Far-end ; Monotonic Rise at Far-end ; Monotonic Fall at Far-end ;
+--------+--------------+---------------------+---------------------+------------------------------+------------------------------+---------------------+---------------------+--------------------------------------+--------------------------------------+-----------------------------+-----------------------------+----------------------------+----------------------------+-----------------------------+-----------------------------+--------------------+--------------------+-------------------------------------+-------------------------------------+----------------------------+----------------------------+---------------------------+---------------------------+
; cnt[0] ; 2.5 V        ; 0 s                 ; 0 s                 ; 2.62 V                       ; 1.79e-06 V                   ; 2.66 V              ; -0.0166 V           ; 0.164 V                              ; 0.104 V                              ; 3.61e-10 s                  ; 3.36e-10 s                  ; No                         ; Yes                        ; 2.62 V                      ; 1.79e-06 V                  ; 2.66 V             ; -0.0166 V          ; 0.164 V                             ; 0.104 V                             ; 3.61e-10 s                 ; 3.36e-10 s                 ; No                        ; Yes                       ;
; cnt[1] ; 2.5 V        ; 0 s                 ; 0 s                 ; 2.62 V                       ; 1.79e-06 V                   ; 2.66 V              ; -0.0166 V           ; 0.164 V                              ; 0.104 V                              ; 3.61e-10 s                  ; 3.36e-10 s                  ; No                         ; Yes                        ; 2.62 V                      ; 1.79e-06 V                  ; 2.66 V             ; -0.0166 V          ; 0.164 V                             ; 0.104 V                             ; 3.61e-10 s                 ; 3.36e-10 s                 ; No                        ; Yes                       ;
; cnt[2] ; 2.5 V        ; 0 s                 ; 0 s                 ; 2.62 V                       ; 1.79e-06 V                   ; 2.66 V              ; -0.0166 V           ; 0.164 V                              ; 0.104 V                              ; 3.61e-10 s                  ; 3.36e-10 s                  ; No                         ; Yes                        ; 2.62 V                      ; 1.79e-06 V                  ; 2.66 V             ; -0.0166 V          ; 0.164 V                             ; 0.104 V                             ; 3.61e-10 s                 ; 3.36e-10 s                 ; No                        ; Yes                       ;
; cnt[3] ; 2.5 V        ; 0 s                 ; 0 s                 ; 2.62 V                       ; 1.79e-06 V                   ; 2.66 V              ; -0.0166 V           ; 0.164 V                              ; 0.104 V                              ; 3.61e-10 s                  ; 3.36e-10 s                  ; No                         ; Yes                        ; 2.62 V                      ; 1.79e-06 V                  ; 2.66 V             ; -0.0166 V          ; 0.164 V                             ; 0.104 V                             ; 3.61e-10 s                 ; 3.36e-10 s                 ; No                        ; Yes                       ;
; cout   ; 2.5 V        ; 0 s                 ; 0 s                 ; 2.62 V                       ; 1.79e-06 V                   ; 2.66 V              ; -0.0166 V           ; 0.164 V                              ; 0.104 V                              ; 3.61e-10 s                  ; 3.36e-10 s                  ; No                         ; Yes                        ; 2.62 V                      ; 1.79e-06 V                  ; 2.66 V             ; -0.0166 V          ; 0.164 V                             ; 0.104 V                             ; 3.61e-10 s                 ; 3.36e-10 s                 ; No                        ; Yes                       ;
+--------+--------------+---------------------+---------------------+------------------------------+------------------------------+---------------------+---------------------+--------------------------------------+--------------------------------------+-----------------------------+-----------------------------+----------------------------+----------------------------+-----------------------------+-----------------------------+--------------------+--------------------+-------------------------------------+-------------------------------------+----------------------------+----------------------------+---------------------------+---------------------------+


+-------------------------------------------------------------------+
; Setup Transfers                                                   ;
+------------+----------+----------+----------+----------+----------+
; From Clock ; To Clock ; RR Paths ; FR Paths ; RF Paths ; FF Paths ;
+------------+----------+----------+----------+----------+----------+
; clk        ; clk      ; 12       ; 0        ; 0        ; 0        ;
+------------+----------+----------+----------+----------+----------+
Entries labeled "false path" only account for clock-to-clock false paths and not path-based false paths. As a result, actual path counts may be lower than reported.


+-------------------------------------------------------------------+
; Hold Transfers                                                    ;
+------------+----------+----------+----------+----------+----------+
; From Clock ; To Clock ; RR Paths ; FR Paths ; RF Paths ; FF Paths ;
+------------+----------+----------+----------+----------+----------+
; clk        ; clk      ; 12       ; 0        ; 0        ; 0        ;
+------------+----------+----------+----------+----------+----------+
Entries labeled "false path" only account for clock-to-clock false paths and not path-based false paths. As a result, actual path counts may be lower than reported.


---------------
; Report TCCS ;
---------------
No dedicated SERDES Transmitter circuitry present in device or used in design


---------------
; Report RSKM ;
---------------
No non-DPA dedicated SERDES Receiver circuitry present in device or used in design


+------------------------------------------------+
; Unconstrained Paths                            ;
+---------------------------------+-------+------+
; Property                        ; Setup ; Hold ;
+---------------------------------+-------+------+
; Illegal Clocks                  ; 0     ; 0    ;
; Unconstrained Clocks            ; 0     ; 0    ;
; Unconstrained Input Ports       ; 1     ; 1    ;
; Unconstrained Input Port Paths  ; 4     ; 4    ;
; Unconstrained Output Ports      ; 5     ; 5    ;
; Unconstrained Output Port Paths ; 8     ; 8    ;
+---------------------------------+-------+------+


+------------------------------------+
; TimeQuest Timing Analyzer Messages ;
+------------------------------------+
Info: *******************************************************************
Info: Running Quartus II 64-Bit TimeQuest Timing Analyzer
    Info: Version 13.1.0 Build 162 10/23/2013 SJ Full Version
    Info: Processing started: Mon May 03 21:51:29 2021
Info: Command: quartus_sta p1 -c p1
Info: qsta_default_script.tcl version: #1
Info (11104): Parallel Compilation has detected 8 hyper-threaded processors. However, the extra hyper-threaded processors will not be used by default. Parallel Compilation will use 4 of the 4 physical processors detected instead.
Info (21077): Low junction temperature is 0 degrees C
Info (21077): High junction temperature is 85 degrees C
Critical Warning (332012): Synopsys Design Constraints File file not found: 'p1.sdc'. A Synopsys Design Constraints File is required by the TimeQuest Timing Analyzer to get proper timing constraints. Without it, the Compiler will not properly optimize the design.
Info (332142): No user constrained base clocks found in the design. Calling "derive_clocks -period 1.0"
Info (332105): Deriving Clocks
    Info (332105): create_clock -period 1.000 -name clk clk
Info (332143): No user constrained clock uncertainty found in the design. Calling "derive_clock_uncertainty"
Info (332123): Deriving Clock Uncertainty. Please refer to report_sdc in TimeQuest to see clock uncertainties.
Info: Found TIMEQUEST_REPORT_SCRIPT_INCLUDE_DEFAULT_ANALYSIS = ON
Info: Analyzing Slow 900mV 85C Model
Info (332146): Worst-case setup slack is 0.128
    Info (332119):     Slack       End Point TNS Clock 
    Info (332119): ========= =================== =====================
    Info (332119):     0.128               0.000 clk 
Info (332146): Worst-case hold slack is 0.302
    Info (332119):     Slack       End Point TNS Clock 
    Info (332119): ========= =================== =====================
    Info (332119):     0.302               0.000 clk 
Info (332140): No Recovery paths to report
Info (332140): No Removal paths to report
Critical Warning (332148): Timing requirements not met
    Info (11105): For recommendations on closing timing, run Report Timing Closure Recommendations in the TimeQuest Timing Analyzer.
Info (332146): Worst-case minimum pulse width slack is -0.428
    Info (332119):     Slack       End Point TNS Clock 
    Info (332119): ========= =================== =====================
    Info (332119):    -0.428              -2.300 clk 
Info: Analyzing Slow 900mV 0C Model
Info (334003): Started post-fitting delay annotation
Info (334004): Delay annotation completed successfully
Info (332123): Deriving Clock Uncertainty. Please refer to report_sdc in TimeQuest to see clock uncertainties.
Info (332146): Worst-case setup slack is 0.145
    Info (332119):     Slack       End Point TNS Clock 
    Info (332119): ========= =================== =====================
    Info (332119):     0.145               0.000 clk 
Info (332146): Worst-case hold slack is 0.302
    Info (332119):     Slack       End Point TNS Clock 
    Info (332119): ========= =================== =====================
    Info (332119):     0.302               0.000 clk 
Info (332140): No Recovery paths to report
Info (332140): No Removal paths to report
Critical Warning (332148): Timing requirements not met
    Info (11105): For recommendations on closing timing, run Report Timing Closure Recommendations in the TimeQuest Timing Analyzer.
Info (332146): Worst-case minimum pulse width slack is -0.428
    Info (332119):     Slack       End Point TNS Clock 
    Info (332119): ========= =================== =====================
    Info (332119):    -0.428              -2.300 clk 
Info: Analyzing Fast 900mV 0C Model
Info (332123): Deriving Clock Uncertainty. Please refer to report_sdc in TimeQuest to see clock uncertainties.
Info (332146): Worst-case setup slack is 0.565
    Info (332119):     Slack       End Point TNS Clock 
    Info (332119): ========= =================== =====================
    Info (332119):     0.565               0.000 clk 
Info (332146): Worst-case hold slack is 0.153
    Info (332119):     Slack       End Point TNS Clock 
    Info (332119): ========= =================== =====================
    Info (332119):     0.153               0.000 clk 
Info (332140): No Recovery paths to report
Info (332140): No Removal paths to report
Critical Warning (332148): Timing requirements not met
    Info (11105): For recommendations on closing timing, run Report Timing Closure Recommendations in the TimeQuest Timing Analyzer.
Info (332146): Worst-case minimum pulse width slack is -0.147
    Info (332119):     Slack       End Point TNS Clock 
    Info (332119): ========= =================== =====================
    Info (332119):    -0.147              -0.588 clk 
Info (21077): Low junction temperature is 0 degrees C
Info (21077): High junction temperature is 85 degrees C
Info (332123): Deriving Clock Uncertainty. Please refer to report_sdc in TimeQuest to see clock uncertainties.
Info (332102): Design is not fully constrained for setup requirements
Info (332102): Design is not fully constrained for hold requirements
Info: Quartus II 64-Bit TimeQuest Timing Analyzer was successful. 0 errors, 4 warnings
    Info: Peak virtual memory: 4823 megabytes
    Info: Processing ended: Mon May 03 21:51:32 2021
    Info: Elapsed time: 00:00:03
    Info: Total CPU time (on all processors): 00:00:03


